2024-04-16 00:38:05:385 [35mhttp[39m: [35m::1 POST /users/logIn 200 309 - 324.996 ms[39m
[35m[39m
2024-04-16 00:38:38:3838 [35mhttp[39m: [35m::1 POST /jobs/submitJob 500 33 - 557.110 ms[39m
[35m[39m
2024-04-16 19:19:31:1931 [35mhttp[39m: [35m::1 POST /jobs/submitJob 500 33 - 9.050 ms[39m
[35m[39m
2024-04-16 23:02:41:241 [35mhttp[39m: [35m::1 POST /users/logIn 200 309 - 297.105 ms[39m
[35m[39m
2024-04-16 23:03:35:335 [35mhttp[39m: [35m::1 POST /jobs/submitJob 500 33 - 558.369 ms[39m
[35m[39m
2024-04-16 23:07:32:732 [35mhttp[39m: [35m::1 POST /jobs/submitJob 500 33 - 5.903 ms[39m
[35m[39m
2024-04-16 23:08:19:819 [35mhttp[39m: [35m::1 GET /users/me 404 147 - 11.805 ms[39m
[35m[39m
2024-04-16 23:38:52:3852 [35mhttp[39m: [35m::1 GET /users/me 200 99 - 11.817 ms[39m
[35m[39m
2024-04-16 23:39:05:395 [35mhttp[39m: [35m::1 POST /users/logIn 200 309 - 365.270 ms[39m
[35m[39m
2024-04-16 23:39:22:3922 [35mhttp[39m: [35m::1 GET /users/me 200 216 - 299.792 ms[39m
[35m[39m
2024-04-16 23:39:59:3959 [35mhttp[39m: [35m::1 POST /jobs/submitJob 201 254 - 602.500 ms[39m
[35m[39m
2024-04-16 23:54:02:542 [35mhttp[39m: [35m::1 POST /users/logIn 200 309 - 310.219 ms[39m
[35m[39m
2024-04-16 23:54:46:5446 [35mhttp[39m: [35m::1 GET /jobs/fetchJob/661e712f64dd7f024f3c5168 200 230 - 578.743 ms[39m
[35m[39m
2024-04-16 23:56:27:5627 [35mhttp[39m: [35m::1 GET /users/me 200 62 - 5.405 ms[39m
[35m[39m
2024-04-16 23:56:37:5637 [35mhttp[39m: [35m::1 POST /users/logIn 200 309 - 310.582 ms[39m
[35m[39m
2024-04-16 23:56:55:5655 [35mhttp[39m: [35m::1 GET /jobs/fetchJobs 200 1310 - 559.426 ms[39m
[35m[39m
2024-04-17 00:09:34:934 [35mhttp[39m: [35m::1 POST /users/logIn 200 309 - 324.131 ms[39m
[35m[39m
2024-04-17 00:10:04:104 [35mhttp[39m: [35m::1 PUT /jobs/update/661e712f64dd7f024f3c5168 200 265 - 594.536 ms[39m
[35m[39m
2024-04-17 00:10:57:1057 [35mhttp[39m: [35m::1 DELETE /jobs/delete/661e712f64dd7f024f3c5168 200 38 - 577.033 ms[39m
[35m[39m
2024-04-17 00:13:15:1315 [35mhttp[39m: [35m::1 POST /users/logIn 200 309 - 628.735 ms[39m
[35m[39m
2024-04-17 00:13:41:1341 [35mhttp[39m: [35m::1 POST /jobs/stop/661e7fb7b3b9cf6bb40cfda4 200 38 - 647.436 ms[39m
[35m[39m
2024-04-17 01:49:22:4922 [35mhttp[39m: [35m::1 POST /users/signup 200 37 - 336.704 ms[39m
[35m[39m
2024-04-17 01:52:34:5234 [35mhttp[39m: [35m::1 POST /users/logIn 200 323 - 315.517 ms[39m
[35m[39m
2024-04-17 02:00:31:031 [35mhttp[39m: [35m::1 POST /users/logIn 200 323 - 323.941 ms[39m
[35m[39m
2024-04-17 02:03:05:35 [35mhttp[39m: [35m::1 POST /users/logIn 200 323 - 304.809 ms[39m
[35m[39m
2024-04-17 02:03:17:317 [35mhttp[39m: [35m::1 GET /users/me 200 230 - 275.069 ms[39m
[35m[39m
2024-04-17 02:08:57:857 [35mhttp[39m: [35m::1 POST /users/logIn 200 323 - 326.428 ms[39m
[35m[39m
2024-04-17 02:09:14:914 [35mhttp[39m: [35m::1 GET /users/me 200 230 - 295.286 ms[39m
[35m[39m
2024-04-17 02:12:47:1247 [35mhttp[39m: [35m::1 GET /users/me 200 99 - 10.811 ms[39m
[35m[39m
2024-04-17 02:12:52:1252 [35mhttp[39m: [35m::1 POST /users/logIn 200 323 - 326.012 ms[39m
[35m[39m
2024-04-17 02:13:17:1317 [35mhttp[39m: [35m::1 POST /jobs/submitJob 201 254 - 4991.940 ms[39m
[35m[39m
